make[2]: Entering directory '/home/kevin/Documents/losfuzzys/LosTemplates/flask-nojail-alpine3.21'
[1;34m[+] Building Challenge Container[0m
#docker build -t localhost/flask-nojail-alpine3.21-build --target builder --platform linux/amd64 \
# /home/kevin/Documents/losfuzzys/LosTemplates/flask-nojail-alpine3.21/challenge/
#docker run  -v /home/kevin/Documents/losfuzzys/LosTemplates/flask-nojail-alpine3.21/dist:/dist:z localhost/flask-nojail-alpine3.21-build
docker build -t localhost/flask-nojail-alpine3.21 --platform linux/amd64 \
	--build-arg CACHEBUST=1746309147 /home/kevin/Documents/losfuzzys/LosTemplates/flask-nojail-alpine3.21/challenge/
DEPRECATED: The legacy builder is deprecated and will be removed in a future release.
            Install the buildx component to build images with BuildKit:
            https://docs.docker.com/go/buildx/

time="2025-05-03T23:52:27+02:00" level=warning msg="Failed to get credentials for registry: europe-west3-docker.pkg.dev" error="error getting credentials - err: exec: \"docker-credential-gcloud\": executable file not found in $PATH, out: ``"
Sending build context to Docker daemon  15.87kB
Step 1/12 : FROM docker.io/library/alpine@sha256:a8560b36e8b8210634f77d9f7f9efd7ffa463e380b75e2e74aff4511df3ef88c
 ---> aded1e1a5b37
Step 2/12 : RUN apk update && apk add --no-cache socat python3 py3-pip coreutils && rm -rf /var/cache/apk/*
 ---> Using cache
 ---> 72d34c113c8c
Step 3/12 : RUN python3 -m venv /.venv
 ---> Using cache
 ---> fc6ca40b1505
Step 4/12 : ENV PATH="/.venv/bin:$PATH"
 ---> Using cache
 ---> 682aa14fd74d
Step 5/12 : COPY requirements.txt /app/requirements.txt
 ---> Using cache
 ---> 9faa971a97aa
Step 6/12 : RUN pip install --no-cache-dir --upgrade -r /app/requirements.txt
 ---> Using cache
 ---> 60f09f184876
Step 7/12 : RUN mkdir -p /app
 ---> Using cache
 ---> 680bf36479ef
Step 8/12 : COPY entrypoint.sh /app
 ---> Using cache
 ---> f72c3e0b8cb3
Step 9/12 : COPY flag.txt /flag.txt
 ---> Using cache
 ---> e2d02e0baca4
Step 10/12 : COPY src/ /app
 ---> Using cache
 ---> f99e40f48102
Step 11/12 : RUN chmod +x /app/app.py
 ---> Using cache
 ---> 34d2134223b0
Step 12/12 : CMD /app/entrypoint.sh
 ---> Using cache
 ---> a3d7ad253185
[Warning] One or more build-args [CACHEBUST] were not consumed
Successfully built a3d7ad253185
Successfully tagged localhost/flask-nojail-alpine3.21:latest
make[2]: Leaving directory '/home/kevin/Documents/losfuzzys/LosTemplates/flask-nojail-alpine3.21'
make[2]: Entering directory '/home/kevin/Documents/losfuzzys/LosTemplates/flask-nojail-alpine3.21'
[1;34m[+] Running Challenge Container on 127.0.0.1:1337[0m
docker run --rm --name flask-nojail-alpine3.21 -p 127.0.0.1:1337:1337 -e HOST=127.0.0.1 -e PORT=1337 --user 1337:1337 --security-opt=no-new-privileges:true --platform linux/amd64 $([ -t 0 ] && echo "-it") localhost/flask-nojail-alpine3.21
make[2]: Entering directory '/home/kevin/Documents/losfuzzys/LosTemplates/flask-nojail-alpine3.21'
[1;34m[+] Building Solvescript Container[0m
cd solution/ ; \
docker build -t localhost/flask-nojail-alpine3.21-solvescript --platform linux/amd64 .
DEPRECATED: The legacy builder is deprecated and will be removed in a future release.
            Install the buildx component to build images with BuildKit:
            https://docs.docker.com/go/buildx/

time="2025-05-03T23:52:28+02:00" level=warning msg="Failed to get credentials for registry: europe-west3-docker.pkg.dev" error="error getting credentials - err: exec: \"docker-credential-gcloud\": executable file not found in $PATH, out: ``"
Sending build context to Docker daemon   7.68kB
Step 1/12 : FROM docker.io/pwntools/pwntools@sha256:1707bef16a3fb924d53231d899eeecaf18b5ebbb78e23c38d41dcd19d147bf6b
 ---> 51a55ce6729c
Step 2/12 : RUN python3 -m venv /.venv
 ---> Running in b23883288b33
[91mError: [Errno 13] Permission denied: '/.venv'
[0mThe command '/bin/sh -c python3 -m venv /.venv' returned a non-zero code: 1
make[2]: *** [Makefile:142: sbuild] Error 1
make[2]: Leaving directory '/home/kevin/Documents/losfuzzys/LosTemplates/flask-nojail-alpine3.21'
make[2]: *** [Makefile:68: crun] Error 137
make[2]: Leaving directory '/home/kevin/Documents/losfuzzys/LosTemplates/flask-nojail-alpine3.21'
