make[1]: Entering directory '/home/kevin/Documents/losfuzzys/LosTemplates/python3.12-nojail-ubuntu24.04'
[1;34m[+] Deploying Distributed python3.12-nojail-ubuntu24.04.tar.gz ()[0m
cd /tmp/tmp.pAKmKuv4vK && \
cp /home/kevin/Documents/losfuzzys/LosTemplates/python3.12-nojail-ubuntu24.04/python3.12-nojail-ubuntu24.04.tar.gz . && \
tar xf python3.12-nojail-ubuntu24.04.tar.gz && \
cd python3.12-nojail-ubuntu24.04 && \
./deploy.sh build
cp: cannot stat '/home/kevin/Documents/losfuzzys/LosTemplates/python3.12-nojail-ubuntu24.04/python3.12-nojail-ubuntu24.04.tar.gz': No such file or directory
make[1]: *** [Makefile:114: distrun] Error 1
make[1]: Leaving directory '/home/kevin/Documents/losfuzzys/LosTemplates/python3.12-nojail-ubuntu24.04'
make[1]: Entering directory '/home/kevin/Documents/losfuzzys/LosTemplates/python3.12-nojail-ubuntu24.04'
[1;34m[+] Deploying Distributed python3.12-nojail-ubuntu24.04.tar.gz ()[0m
cd /tmp/tmp.RkDpQlLCoV && \
cp /home/kevin/Documents/losfuzzys/LosTemplates/python3.12-nojail-ubuntu24.04/python3.12-nojail-ubuntu24.04.tar.gz . && \
tar xf python3.12-nojail-ubuntu24.04.tar.gz && \
cd python3.12-nojail-ubuntu24.04 && \
./deploy.sh build
cp: cannot stat '/home/kevin/Documents/losfuzzys/LosTemplates/python3.12-nojail-ubuntu24.04/python3.12-nojail-ubuntu24.04.tar.gz': No such file or directory
make[1]: *** [Makefile:114: distrun] Error 1
make[1]: Leaving directory '/home/kevin/Documents/losfuzzys/LosTemplates/python3.12-nojail-ubuntu24.04'
make[1]: Entering directory '/home/kevin/Documents/losfuzzys/LosTemplates/python3.12-nojail-ubuntu24.04'
[1;34m[+] Deploying Distributed python3.12-nojail-ubuntu24.04.tar.gz ()[0m
cd /tmp/tmp.up885ovEIK && \
cp /home/kevin/Documents/losfuzzys/LosTemplates/python3.12-nojail-ubuntu24.04/python3.12-nojail-ubuntu24.04.tar.gz . && \
tar xf python3.12-nojail-ubuntu24.04.tar.gz && \
cd python3.12-nojail-ubuntu24.04 && \
./deploy.sh build
cp: cannot stat '/home/kevin/Documents/losfuzzys/LosTemplates/python3.12-nojail-ubuntu24.04/python3.12-nojail-ubuntu24.04.tar.gz': No such file or directory
make[1]: *** [Makefile:114: distrun] Error 1
make[1]: Leaving directory '/home/kevin/Documents/losfuzzys/LosTemplates/python3.12-nojail-ubuntu24.04'
make[1]: Entering directory '/home/kevin/Documents/losfuzzys/LosTemplates/python3.12-nojail-ubuntu24.04'
[1;34m[+] Deploying Distributed python3.12-nojail-ubuntu24.04.tar.gz ()[0m
cd /tmp/tmp.VfYUissr97 && \
cp /home/kevin/Documents/losfuzzys/LosTemplates/python3.12-nojail-ubuntu24.04/python3.12-nojail-ubuntu24.04.tar.gz . && \
tar xf python3.12-nojail-ubuntu24.04.tar.gz && \
cd python3.12-nojail-ubuntu24.04 && \
./deploy.sh build
cp: cannot stat '/home/kevin/Documents/losfuzzys/LosTemplates/python3.12-nojail-ubuntu24.04/python3.12-nojail-ubuntu24.04.tar.gz': No such file or directory
make[1]: *** [Makefile:114: distrun] Error 1
make[1]: Leaving directory '/home/kevin/Documents/losfuzzys/LosTemplates/python3.12-nojail-ubuntu24.04'
make[1]: Entering directory '/home/kevin/Documents/losfuzzys/LosTemplates/python3.12-nojail-ubuntu24.04'
[1;34m[+] Building Challenge Container[0m
#docker build -t localhost/python3.12-nojail-ubuntu24.04-build --target builder --platform linux/amd64 --build-arg CACHEBUST=1741166508 .
#docker run  -v /home/kevin/Documents/losfuzzys/LosTemplates/python3.12-nojail-ubuntu24.04/dist:/dist:z localhost/python3.12-nojail-ubuntu24.04-build
#cp /home/kevin/Documents/losfuzzys/LosTemplates/python3.12-nojail-ubuntu24.04/challenge/challenge /home/kevin/Documents/losfuzzys/LosTemplates/python3.12-nojail-ubuntu24.04/solution/
docker build -t localhost/python3.12-nojail-ubuntu24.04 --platform linux/amd64 --build-arg CACHEBUST=1741166508 .
DEPRECATED: The legacy builder is deprecated and will be removed in a future release.
            Install the buildx component to build images with BuildKit:
            https://docs.docker.com/go/buildx/

time="2025-03-05T10:21:50+01:00" level=warning msg="Failed to get credentials for registry: europe-west3-docker.pkg.dev" error="error getting credentials - err: exec: \"docker-credential-gcloud\": executable file not found in $PATH, out: ``"
Sending build context to Docker daemon  41.98kB
Step 1/12 : FROM docker.io/library/ubuntu@sha256:3f85b7caad41a95462cf5b787d8a04604c8262cdcdf9a472b8c52ef83375fe15 AS builder
 ---> bf3dc08bfed0
Step 2/12 : RUN DEBIAN_FRONTEND=noninteractive apt-get update && apt-get install -y python3 python3-venv socat coreutils && apt-get clean
 ---> Using cache
 ---> 7eb5c39620fb
Step 3/12 : RUN python3 -m venv /.venv
 ---> Using cache
 ---> 2067e3392280
Step 4/12 : ENV PATH="/.venv/bin:$PATH"
 ---> Using cache
 ---> 9a0831256dc9
Step 5/12 : COPY challenge/requirements.txt /app/requirements.txt
 ---> Using cache
 ---> 765a086745c1
Step 6/12 : RUN pip install --no-cache-dir --upgrade -r /app/requirements.txt
 ---> Using cache
 ---> d1cb06406a13
Step 7/12 : RUN mkdir -p /app
 ---> Using cache
 ---> d334f8608e9d
Step 8/12 : COPY challenge/challenge /app/challenge
 ---> Using cache
 ---> 940560e1a78d
Step 9/12 : RUN chmod +x /app/challenge
 ---> Using cache
 ---> e58ab0d3283b
Step 10/12 : COPY challenge/flag.txt /flag.txt
 ---> Using cache
 ---> 7be5af7193de
Step 11/12 : COPY challenge/entrypoint.sh /app/entrypoint.sh
 ---> Using cache
 ---> dc2eb6fda3a6
Step 12/12 : CMD socat -T 60 TCP-LISTEN:1337,fork,nodelay,reuseaddr,pktinfo EXEC:"/usr/bin/timeout -k 5 ${TIMEOUT} /app/entrypoint.sh"
 ---> Using cache
 ---> fbf667025495
[Warning] One or more build-args [CACHEBUST] were not consumed
Successfully built fbf667025495
Successfully tagged localhost/python3.12-nojail-ubuntu24.04:latest
make[1]: Leaving directory '/home/kevin/Documents/losfuzzys/LosTemplates/python3.12-nojail-ubuntu24.04'
make[1]: Entering directory '/home/kevin/Documents/losfuzzys/LosTemplates/python3.12-nojail-ubuntu24.04'
[1;34m[+] Running Challenge Container on 127.0.0.1:1337[0m
docker run --rm --name python3.12-nojail-ubuntu24.04 -p 127.0.0.1:1337:1337 -e HOST=127.0.0.1 -e PORT=1337 -e TIMEOUT=30 --user 1337:1337 --read-only --security-opt=no-new-privileges:true --platform linux/amd64 $([ -t 0 ] && echo "-it") localhost/python3.12-nojail-ubuntu24.04 
make[1]: Entering directory '/home/kevin/Documents/losfuzzys/LosTemplates/python3.12-nojail-ubuntu24.04'
[1;34m[+] Building Solvescript Container[0m
cd solution/ ; \
docker build -t localhost/python3.12-nojail-ubuntu24.04-solvescript --platform linux/amd64 .
DEPRECATED: The legacy builder is deprecated and will be removed in a future release.
            Install the buildx component to build images with BuildKit:
            https://docs.docker.com/go/buildx/

time="2025-03-05T10:21:51+01:00" level=warning msg="Failed to get credentials for registry: europe-west3-docker.pkg.dev" error="error getting credentials - err: exec: \"docker-credential-gcloud\": executable file not found in $PATH, out: ``"
Sending build context to Docker daemon  8.192kB
Step 1/10 : FROM docker.io/pwntools/pwntools@sha256:2df32ff2a7196a6f6d362b037713ec9825266667774df31540bbb9d04f7662ee
 ---> df141980d9fd
Step 2/10 : WORKDIR /app
 ---> Using cache
 ---> f00401327a08
Step 3/10 : COPY requirements.txt .
 ---> Using cache
 ---> 9660a4c7976c
Step 4/10 : RUN python3 -m pip install --no-cache-dir --upgrade -r /app/requirements.txt
 ---> Using cache
 ---> 402a35fb8837
Step 5/10 : COPY exploit .
 ---> Using cache
 ---> 6eae29cb9c4a
Step 6/10 : USER root
 ---> Using cache
 ---> 19e165f8515d
Step 7/10 : RUN chmod 755 /app/exploit
 ---> Using cache
 ---> 91442ce2ce27
Step 8/10 : USER pwntools
 ---> Using cache
 ---> dc783b5d6fd7
Step 9/10 : ENV PWNLIB_NOTERM=1
 ---> Using cache
 ---> 679b1a2ba167
Step 10/10 : CMD /usr/bin/timeout -k 5 ${TIMEOUT} ./exploit HOST=${HOST} PORT=${PORT}
 ---> Using cache
 ---> fbab1e547864
Successfully built fbab1e547864
Successfully tagged localhost/python3.12-nojail-ubuntu24.04-solvescript:latest
[1;34m[+] Running Solvescript Container against 127.0.0.1:1337[0m
cd solution/ ; \
docker run --rm -e HOST=127.0.0.1 -e PORT=1337 -e TIMEOUT=30 --hostname localhost --net=host -v /home/kevin/Documents/losfuzzys/LosTemplates/python3.12-nojail-ubuntu24.04/challenge/flag.txt:/app/flag.txt:z,ro -v /home/kevin/Documents/losfuzzys/LosTemplates/python3.12-nojail-ubuntu24.04/challenge/flag.txt:/flag.txt:z,ro -v /home/kevin/Documents/losfuzzys/LosTemplates/python3.12-nojail-ubuntu24.04/dist/flag.txt:/app/flag-fake.txt:z,ro -v /home/kevin/Documents/losfuzzys/LosTemplates/python3.12-nojail-ubuntu24.04/dist/flag.txt:/flag-fake.txt:z,ro --platform linux/amd64 $([ -t 0 ] && echo "-it") \
	--name python3.12-nojail-ubuntu24.04-solvescript localhost/python3.12-nojail-ubuntu24.04-solvescript
[x] Opening connection to 127.0.0.1 on port 1337
[x] Opening connection to 127.0.0.1 on port 1337: Trying 127.0.0.1
[+] Opening connection to 127.0.0.1 on port 1337: Done
[x] Receiving all data
[x] Receiving all data: 0B
[x] Receiving all data: 76B
[+] Receiving all data: Done (76B)
[*] Closed connection to 127.0.0.1 port 1337
[+] gctf{REAL_REAL_REAL_REAL_REAL_REAL}
make[1]: Leaving directory '/home/kevin/Documents/losfuzzys/LosTemplates/python3.12-nojail-ubuntu24.04'
exit status 137
make[1]: *** [Makefile:68: crun] Error 137
make[1]: Leaving directory '/home/kevin/Documents/losfuzzys/LosTemplates/python3.12-nojail-ubuntu24.04'
make[1]: Entering directory '/home/kevin/Documents/losfuzzys/LosTemplates/python3.12-nojail-ubuntu24.04'
[1;34m[+] Deploying Distributed python3.12-nojail-ubuntu24.04.tar.gz ()[0m
cd /tmp/tmp.Y7Rjd4ECs0 && \
cp /home/kevin/Documents/losfuzzys/LosTemplates/python3.12-nojail-ubuntu24.04/python3.12-nojail-ubuntu24.04.tar.gz . && \
tar xf python3.12-nojail-ubuntu24.04.tar.gz && \
cd python3.12-nojail-ubuntu24.04 && \
./deploy.sh build
cp: cannot stat '/home/kevin/Documents/losfuzzys/LosTemplates/python3.12-nojail-ubuntu24.04/python3.12-nojail-ubuntu24.04.tar.gz': No such file or directory
make[1]: *** [Makefile:114: distrun] Error 1
make[1]: Leaving directory '/home/kevin/Documents/losfuzzys/LosTemplates/python3.12-nojail-ubuntu24.04'
make[1]: Entering directory '/home/kevin/Documents/losfuzzys/LosTemplates/python3.12-nojail-ubuntu24.04'
[1;34m[+] Building Challenge Container[0m
#docker build -t localhost/python3.12-nojail-ubuntu24.04-build --target builder --platform linux/amd64 --build-arg CACHEBUST=1741166518 .
#docker run  -v /home/kevin/Documents/losfuzzys/LosTemplates/python3.12-nojail-ubuntu24.04/dist:/dist:z localhost/python3.12-nojail-ubuntu24.04-build
#cp /home/kevin/Documents/losfuzzys/LosTemplates/python3.12-nojail-ubuntu24.04/challenge/challenge /home/kevin/Documents/losfuzzys/LosTemplates/python3.12-nojail-ubuntu24.04/solution/
docker build -t localhost/python3.12-nojail-ubuntu24.04 --platform linux/amd64 --build-arg CACHEBUST=1741166518 .
DEPRECATED: The legacy builder is deprecated and will be removed in a future release.
            Install the buildx component to build images with BuildKit:
            https://docs.docker.com/go/buildx/

time="2025-03-05T10:21:59+01:00" level=warning msg="Failed to get credentials for registry: europe-west3-docker.pkg.dev" error="error getting credentials - err: exec: \"docker-credential-gcloud\": executable file not found in $PATH, out: ``"
Sending build context to Docker daemon  57.34kB
Step 1/12 : FROM docker.io/library/ubuntu@sha256:3f85b7caad41a95462cf5b787d8a04604c8262cdcdf9a472b8c52ef83375fe15 AS builder
 ---> bf3dc08bfed0
Step 2/12 : RUN DEBIAN_FRONTEND=noninteractive apt-get update && apt-get install -y python3 python3-venv socat coreutils && apt-get clean
 ---> Using cache
 ---> 7eb5c39620fb
Step 3/12 : RUN python3 -m venv /.venv
 ---> Using cache
 ---> 2067e3392280
Step 4/12 : ENV PATH="/.venv/bin:$PATH"
 ---> Using cache
 ---> 9a0831256dc9
Step 5/12 : COPY challenge/requirements.txt /app/requirements.txt
 ---> Using cache
 ---> 765a086745c1
Step 6/12 : RUN pip install --no-cache-dir --upgrade -r /app/requirements.txt
 ---> Using cache
 ---> d1cb06406a13
Step 7/12 : RUN mkdir -p /app
 ---> Using cache
 ---> d334f8608e9d
Step 8/12 : COPY challenge/challenge /app/challenge
 ---> Using cache
 ---> 940560e1a78d
Step 9/12 : RUN chmod +x /app/challenge
 ---> Using cache
 ---> e58ab0d3283b
Step 10/12 : COPY challenge/flag.txt /flag.txt
 ---> Using cache
 ---> 7be5af7193de
Step 11/12 : COPY challenge/entrypoint.sh /app/entrypoint.sh
 ---> Using cache
 ---> dc2eb6fda3a6
Step 12/12 : CMD socat -T 60 TCP-LISTEN:1337,fork,nodelay,reuseaddr,pktinfo EXEC:"/usr/bin/timeout -k 5 ${TIMEOUT} /app/entrypoint.sh"
 ---> Using cache
 ---> fbf667025495
[Warning] One or more build-args [CACHEBUST] were not consumed
Successfully built fbf667025495
Successfully tagged localhost/python3.12-nojail-ubuntu24.04:latest
make[1]: Leaving directory '/home/kevin/Documents/losfuzzys/LosTemplates/python3.12-nojail-ubuntu24.04'
make[1]: Entering directory '/home/kevin/Documents/losfuzzys/LosTemplates/python3.12-nojail-ubuntu24.04'
[1;34m[+] Running Challenge Container on 127.0.0.1:1337[0m
docker run --rm --name python3.12-nojail-ubuntu24.04 -p 127.0.0.1:1337:1337 -e HOST=127.0.0.1 -e PORT=1337 -e TIMEOUT=30 --user 1337:1337 --read-only --security-opt=no-new-privileges:true --platform linux/amd64 $([ -t 0 ] && echo "-it") localhost/python3.12-nojail-ubuntu24.04 
make[1]: Entering directory '/home/kevin/Documents/losfuzzys/LosTemplates/python3.12-nojail-ubuntu24.04'
[1;34m[+] Building Solvescript Container[0m
cd solution/ ; \
docker build -t localhost/python3.12-nojail-ubuntu24.04-solvescript --platform linux/amd64 .
DEPRECATED: The legacy builder is deprecated and will be removed in a future release.
            Install the buildx component to build images with BuildKit:
            https://docs.docker.com/go/buildx/

time="2025-03-05T10:22:00+01:00" level=warning msg="Failed to get credentials for registry: europe-west3-docker.pkg.dev" error="error getting credentials - err: exec: \"docker-credential-gcloud\": executable file not found in $PATH, out: ``"
Sending build context to Docker daemon  8.192kB
Step 1/10 : FROM docker.io/pwntools/pwntools@sha256:2df32ff2a7196a6f6d362b037713ec9825266667774df31540bbb9d04f7662ee
 ---> df141980d9fd
Step 2/10 : WORKDIR /app
 ---> Using cache
 ---> f00401327a08
Step 3/10 : COPY requirements.txt .
 ---> Using cache
 ---> 9660a4c7976c
Step 4/10 : RUN python3 -m pip install --no-cache-dir --upgrade -r /app/requirements.txt
 ---> Using cache
 ---> 402a35fb8837
Step 5/10 : COPY exploit .
 ---> Using cache
 ---> 6eae29cb9c4a
Step 6/10 : USER root
 ---> Using cache
 ---> 19e165f8515d
Step 7/10 : RUN chmod 755 /app/exploit
 ---> Using cache
 ---> 91442ce2ce27
Step 8/10 : USER pwntools
 ---> Using cache
 ---> dc783b5d6fd7
Step 9/10 : ENV PWNLIB_NOTERM=1
 ---> Using cache
 ---> 679b1a2ba167
Step 10/10 : CMD /usr/bin/timeout -k 5 ${TIMEOUT} ./exploit HOST=${HOST} PORT=${PORT}
 ---> Using cache
 ---> fbab1e547864
Successfully built fbab1e547864
Successfully tagged localhost/python3.12-nojail-ubuntu24.04-solvescript:latest
[1;34m[+] Running Solvescript Container against 127.0.0.1:1337[0m
cd solution/ ; \
docker run --rm -e HOST=127.0.0.1 -e PORT=1337 -e TIMEOUT=30 --hostname localhost --net=host -v /home/kevin/Documents/losfuzzys/LosTemplates/python3.12-nojail-ubuntu24.04/challenge/flag.txt:/app/flag.txt:z,ro -v /home/kevin/Documents/losfuzzys/LosTemplates/python3.12-nojail-ubuntu24.04/challenge/flag.txt:/flag.txt:z,ro -v /home/kevin/Documents/losfuzzys/LosTemplates/python3.12-nojail-ubuntu24.04/dist/flag.txt:/app/flag-fake.txt:z,ro -v /home/kevin/Documents/losfuzzys/LosTemplates/python3.12-nojail-ubuntu24.04/dist/flag.txt:/flag-fake.txt:z,ro --platform linux/amd64 $([ -t 0 ] && echo "-it") \
	--name python3.12-nojail-ubuntu24.04-solvescript localhost/python3.12-nojail-ubuntu24.04-solvescript
[x] Opening connection to 127.0.0.1 on port 1337
[x] Opening connection to 127.0.0.1 on port 1337: Trying 127.0.0.1
[+] Opening connection to 127.0.0.1 on port 1337: Done
[x] Receiving all data
[x] Receiving all data: 0B
[x] Receiving all data: 76B
[+] Receiving all data: Done (76B)
[*] Closed connection to 127.0.0.1 port 1337
[+] gctf{REAL_REAL_REAL_REAL_REAL_REAL}
make[1]: Leaving directory '/home/kevin/Documents/losfuzzys/LosTemplates/python3.12-nojail-ubuntu24.04'
exit status 137
make[1]: *** [Makefile:68: crun] Error 137
make[1]: Leaving directory '/home/kevin/Documents/losfuzzys/LosTemplates/python3.12-nojail-ubuntu24.04'
make[1]: Entering directory '/home/kevin/Documents/losfuzzys/LosTemplates/python3.12-nojail-ubuntu24.04'
[1;34m[+] Deploying Distributed python3.12-nojail-ubuntu24.04.tar.gz (6f248a4ee6eca409d5453c1fee166a43)[0m
cd /tmp/tmp.zmhZ2d8ieI && \
cp /home/kevin/Documents/losfuzzys/LosTemplates/python3.12-nojail-ubuntu24.04/python3.12-nojail-ubuntu24.04.tar.gz . && \
tar xf python3.12-nojail-ubuntu24.04.tar.gz && \
cd python3.12-nojail-ubuntu24.04 && \
./deploy.sh build
[1;34m[+] Building Challenge Docker Container[0m
DEPRECATED: The legacy builder is deprecated and will be removed in a future release.
            Install the buildx component to build images with BuildKit:
            https://docs.docker.com/go/buildx/

time="2025-03-05T10:22:01+01:00" level=warning msg="Failed to get credentials for registry: europe-west3-docker.pkg.dev" error="error getting credentials - err: exec: \"docker-credential-gcloud\": executable file not found in $PATH, out: ``"
Sending build context to Docker daemon  10.75kB
Step 1/12 : FROM docker.io/library/ubuntu@sha256:3f85b7caad41a95462cf5b787d8a04604c8262cdcdf9a472b8c52ef83375fe15 AS builder
 ---> bf3dc08bfed0
Step 2/12 : RUN DEBIAN_FRONTEND=noninteractive apt-get update && apt-get install -y python3 python3-venv socat coreutils && apt-get clean
 ---> Using cache
 ---> 7eb5c39620fb
Step 3/12 : RUN python3 -m venv /.venv
 ---> Using cache
 ---> 2067e3392280
Step 4/12 : ENV PATH="/.venv/bin:$PATH"
 ---> Using cache
 ---> 9a0831256dc9
Step 5/12 : COPY requirements.txt /app/requirements.txt
 ---> Using cache
 ---> b15d555bde48
Step 6/12 : RUN pip install --no-cache-dir --upgrade -r /app/requirements.txt
 ---> Using cache
 ---> 804c51408318
Step 7/12 : RUN mkdir -p /app
 ---> Using cache
 ---> 7e6b6afb9242
Step 8/12 : COPY challenge /app/challenge
COPY failed: file not found in build context or excluded by .dockerignore: stat challenge: file does not exist
make[1]: *** [Makefile:114: distrun] Error 1
make[1]: Leaving directory '/home/kevin/Documents/losfuzzys/LosTemplates/python3.12-nojail-ubuntu24.04'
make[1]: Entering directory '/home/kevin/Documents/losfuzzys/LosTemplates/python3.12-nojail-ubuntu24.04'
[1;34m[+] Building Challenge Container[0m
#docker build -t localhost/python3.12-nojail-ubuntu24.04-build --target builder --platform linux/amd64 --build-arg CACHEBUST=1741166526 .
#docker run  -v /home/kevin/Documents/losfuzzys/LosTemplates/python3.12-nojail-ubuntu24.04/dist:/dist:z localhost/python3.12-nojail-ubuntu24.04-build
#cp /home/kevin/Documents/losfuzzys/LosTemplates/python3.12-nojail-ubuntu24.04/challenge/challenge /home/kevin/Documents/losfuzzys/LosTemplates/python3.12-nojail-ubuntu24.04/solution/
docker build -t localhost/python3.12-nojail-ubuntu24.04 --platform linux/amd64 --build-arg CACHEBUST=1741166526 .
DEPRECATED: The legacy builder is deprecated and will be removed in a future release.
            Install the buildx component to build images with BuildKit:
            https://docs.docker.com/go/buildx/

time="2025-03-05T10:22:07+01:00" level=warning msg="Failed to get credentials for registry: europe-west3-docker.pkg.dev" error="error getting credentials - err: exec: \"docker-credential-gcloud\": executable file not found in $PATH, out: ``"
Sending build context to Docker daemon  65.54kB
Step 1/12 : FROM docker.io/library/ubuntu@sha256:3f85b7caad41a95462cf5b787d8a04604c8262cdcdf9a472b8c52ef83375fe15 AS builder
 ---> bf3dc08bfed0
Step 2/12 : RUN DEBIAN_FRONTEND=noninteractive apt-get update && apt-get install -y python3 python3-venv socat coreutils && apt-get clean
 ---> Using cache
 ---> 7eb5c39620fb
Step 3/12 : RUN python3 -m venv /.venv
 ---> Using cache
 ---> 2067e3392280
Step 4/12 : ENV PATH="/.venv/bin:$PATH"
 ---> Using cache
 ---> 9a0831256dc9
Step 5/12 : COPY challenge/requirements.txt /app/requirements.txt
 ---> Using cache
 ---> 765a086745c1
Step 6/12 : RUN pip install --no-cache-dir --upgrade -r /app/requirements.txt
 ---> Using cache
 ---> d1cb06406a13
Step 7/12 : RUN mkdir -p /app
 ---> Using cache
 ---> d334f8608e9d
Step 8/12 : COPY challenge/challenge /app/challenge
 ---> Using cache
 ---> 940560e1a78d
Step 9/12 : RUN chmod +x /app/challenge
 ---> Using cache
 ---> e58ab0d3283b
Step 10/12 : COPY challenge/flag.txt /flag.txt
 ---> Using cache
 ---> 7be5af7193de
Step 11/12 : COPY challenge/entrypoint.sh /app/entrypoint.sh
 ---> Using cache
 ---> dc2eb6fda3a6
Step 12/12 : CMD socat -T 60 TCP-LISTEN:1337,fork,nodelay,reuseaddr,pktinfo EXEC:"/usr/bin/timeout -k 5 ${TIMEOUT} /app/entrypoint.sh"
 ---> Using cache
 ---> fbf667025495
[Warning] One or more build-args [CACHEBUST] were not consumed
Successfully built fbf667025495
Successfully tagged localhost/python3.12-nojail-ubuntu24.04:latest
make[1]: Leaving directory '/home/kevin/Documents/losfuzzys/LosTemplates/python3.12-nojail-ubuntu24.04'
make[1]: Entering directory '/home/kevin/Documents/losfuzzys/LosTemplates/python3.12-nojail-ubuntu24.04'
[1;34m[+] Running Challenge Container on 127.0.0.1:1337[0m
docker run --rm --name python3.12-nojail-ubuntu24.04 -p 127.0.0.1:1337:1337 -e HOST=127.0.0.1 -e PORT=1337 -e TIMEOUT=30 --user 1337:1337 --read-only --security-opt=no-new-privileges:true --platform linux/amd64 $([ -t 0 ] && echo "-it") localhost/python3.12-nojail-ubuntu24.04 
make[1]: Entering directory '/home/kevin/Documents/losfuzzys/LosTemplates/python3.12-nojail-ubuntu24.04'
[1;34m[+] Building Solvescript Container[0m
cd solution/ ; \
docker build -t localhost/python3.12-nojail-ubuntu24.04-solvescript --platform linux/amd64 .
DEPRECATED: The legacy builder is deprecated and will be removed in a future release.
            Install the buildx component to build images with BuildKit:
            https://docs.docker.com/go/buildx/

time="2025-03-05T10:22:08+01:00" level=warning msg="Failed to get credentials for registry: europe-west3-docker.pkg.dev" error="error getting credentials - err: exec: \"docker-credential-gcloud\": executable file not found in $PATH, out: ``"
Sending build context to Docker daemon  8.192kB
Step 1/10 : FROM docker.io/pwntools/pwntools@sha256:2df32ff2a7196a6f6d362b037713ec9825266667774df31540bbb9d04f7662ee
 ---> df141980d9fd
Step 2/10 : WORKDIR /app
 ---> Using cache
 ---> f00401327a08
Step 3/10 : COPY requirements.txt .
 ---> Using cache
 ---> 9660a4c7976c
Step 4/10 : RUN python3 -m pip install --no-cache-dir --upgrade -r /app/requirements.txt
 ---> Using cache
 ---> 402a35fb8837
Step 5/10 : COPY exploit .
 ---> Using cache
 ---> 6eae29cb9c4a
Step 6/10 : USER root
 ---> Using cache
 ---> 19e165f8515d
Step 7/10 : RUN chmod 755 /app/exploit
 ---> Using cache
 ---> 91442ce2ce27
Step 8/10 : USER pwntools
 ---> Using cache
 ---> dc783b5d6fd7
Step 9/10 : ENV PWNLIB_NOTERM=1
 ---> Using cache
 ---> 679b1a2ba167
Step 10/10 : CMD /usr/bin/timeout -k 5 ${TIMEOUT} ./exploit HOST=${HOST} PORT=${PORT}
 ---> Using cache
 ---> fbab1e547864
Successfully built fbab1e547864
Successfully tagged localhost/python3.12-nojail-ubuntu24.04-solvescript:latest
[1;34m[+] Running Solvescript Container against 127.0.0.1:1337[0m
cd solution/ ; \
docker run --rm -e HOST=127.0.0.1 -e PORT=1337 -e TIMEOUT=30 --hostname localhost --net=host -v /home/kevin/Documents/losfuzzys/LosTemplates/python3.12-nojail-ubuntu24.04/challenge/flag.txt:/app/flag.txt:z,ro -v /home/kevin/Documents/losfuzzys/LosTemplates/python3.12-nojail-ubuntu24.04/challenge/flag.txt:/flag.txt:z,ro -v /home/kevin/Documents/losfuzzys/LosTemplates/python3.12-nojail-ubuntu24.04/dist/flag.txt:/app/flag-fake.txt:z,ro -v /home/kevin/Documents/losfuzzys/LosTemplates/python3.12-nojail-ubuntu24.04/dist/flag.txt:/flag-fake.txt:z,ro --platform linux/amd64 $([ -t 0 ] && echo "-it") \
	--name python3.12-nojail-ubuntu24.04-solvescript localhost/python3.12-nojail-ubuntu24.04-solvescript
[x] Opening connection to 127.0.0.1 on port 1337
[x] Opening connection to 127.0.0.1 on port 1337: Trying 127.0.0.1
[+] Opening connection to 127.0.0.1 on port 1337: Done
[x] Receiving all data
[x] Receiving all data: 0B
[x] Receiving all data: 76B
[+] Receiving all data: Done (76B)
[*] Closed connection to 127.0.0.1 port 1337
[+] gctf{REAL_REAL_REAL_REAL_REAL_REAL}
make[1]: Leaving directory '/home/kevin/Documents/losfuzzys/LosTemplates/python3.12-nojail-ubuntu24.04'
exit status 137
make[1]: *** [Makefile:68: crun] Error 137
make[1]: Leaving directory '/home/kevin/Documents/losfuzzys/LosTemplates/python3.12-nojail-ubuntu24.04'
make[1]: Entering directory '/home/kevin/Documents/losfuzzys/LosTemplates/python3.12-nojail-ubuntu24.04'
[1;34m[+] Deploying Distributed python3.12-nojail-ubuntu24.04.tar.gz (6f248a4ee6eca409d5453c1fee166a43)[0m
cd /tmp/tmp.EhG3hgUP43 && \
cp /home/kevin/Documents/losfuzzys/LosTemplates/python3.12-nojail-ubuntu24.04/python3.12-nojail-ubuntu24.04.tar.gz . && \
tar xf python3.12-nojail-ubuntu24.04.tar.gz && \
cd python3.12-nojail-ubuntu24.04 && \
./deploy.sh build
[1;34m[+] Building Challenge Docker Container[0m
DEPRECATED: The legacy builder is deprecated and will be removed in a future release.
            Install the buildx component to build images with BuildKit:
            https://docs.docker.com/go/buildx/

time="2025-03-05T10:22:08+01:00" level=warning msg="Failed to get credentials for registry: europe-west3-docker.pkg.dev" error="error getting credentials - err: exec: \"docker-credential-gcloud\": executable file not found in $PATH, out: ``"
Sending build context to Docker daemon  10.75kB
Step 1/12 : FROM docker.io/library/ubuntu@sha256:3f85b7caad41a95462cf5b787d8a04604c8262cdcdf9a472b8c52ef83375fe15 AS builder
 ---> bf3dc08bfed0
Step 2/12 : RUN DEBIAN_FRONTEND=noninteractive apt-get update && apt-get install -y python3 python3-venv socat coreutils && apt-get clean
 ---> Using cache
 ---> 7eb5c39620fb
Step 3/12 : RUN python3 -m venv /.venv
 ---> Using cache
 ---> 2067e3392280
Step 4/12 : ENV PATH="/.venv/bin:$PATH"
 ---> Using cache
 ---> 9a0831256dc9
Step 5/12 : COPY requirements.txt /app/requirements.txt
 ---> Using cache
 ---> b15d555bde48
Step 6/12 : RUN pip install --no-cache-dir --upgrade -r /app/requirements.txt
 ---> Using cache
 ---> 804c51408318
Step 7/12 : RUN mkdir -p /app
 ---> Using cache
 ---> 7e6b6afb9242
Step 8/12 : COPY challenge /app/challenge
COPY failed: file not found in build context or excluded by .dockerignore: stat challenge: file does not exist
make[1]: *** [Makefile:114: distrun] Error 1
make[1]: Leaving directory '/home/kevin/Documents/losfuzzys/LosTemplates/python3.12-nojail-ubuntu24.04'
make[1]: Entering directory '/home/kevin/Documents/losfuzzys/LosTemplates/python3.12-nojail-ubuntu24.04'
[1;34m[+] Building Challenge Container[0m
#docker build -t localhost/python3.12-nojail-ubuntu24.04-build --target builder --platform linux/amd64 --build-arg CACHEBUST=1741166809 .
#docker run  -v /home/kevin/Documents/losfuzzys/LosTemplates/python3.12-nojail-ubuntu24.04/dist:/dist:z localhost/python3.12-nojail-ubuntu24.04-build
#cp /home/kevin/Documents/losfuzzys/LosTemplates/python3.12-nojail-ubuntu24.04/challenge/challenge /home/kevin/Documents/losfuzzys/LosTemplates/python3.12-nojail-ubuntu24.04/solution/
docker build -t localhost/python3.12-nojail-ubuntu24.04 --platform linux/amd64 --build-arg CACHEBUST=1741166809 .
DEPRECATED: The legacy builder is deprecated and will be removed in a future release.
            Install the buildx component to build images with BuildKit:
            https://docs.docker.com/go/buildx/

time="2025-03-05T10:26:49+01:00" level=warning msg="Failed to get credentials for registry: europe-west3-docker.pkg.dev" error="error getting credentials - err: exec: \"docker-credential-gcloud\": executable file not found in $PATH, out: ``"
Sending build context to Docker daemon  74.75kB
Step 1/12 : FROM docker.io/library/ubuntu@sha256:3f85b7caad41a95462cf5b787d8a04604c8262cdcdf9a472b8c52ef83375fe15 AS builder
 ---> bf3dc08bfed0
Step 2/12 : RUN DEBIAN_FRONTEND=noninteractive apt-get update && apt-get install -y python3 python3-venv socat coreutils && apt-get clean
 ---> Using cache
 ---> 7eb5c39620fb
Step 3/12 : RUN python3 -m venv /.venv
 ---> Using cache
 ---> 2067e3392280
Step 4/12 : ENV PATH="/.venv/bin:$PATH"
 ---> Using cache
 ---> 9a0831256dc9
Step 5/12 : COPY challenge/requirements.txt /app/requirements.txt
 ---> Using cache
 ---> 765a086745c1
Step 6/12 : RUN pip install --no-cache-dir --upgrade -r /app/requirements.txt
 ---> Using cache
 ---> d1cb06406a13
Step 7/12 : RUN mkdir -p /app
 ---> Using cache
 ---> d334f8608e9d
Step 8/12 : COPY challenge/challenge /app/challenge
 ---> Using cache
 ---> 940560e1a78d
Step 9/12 : RUN chmod +x /app/challenge
 ---> Using cache
 ---> e58ab0d3283b
Step 10/12 : COPY challenge/flag.txt /flag.txt
 ---> Using cache
 ---> 7be5af7193de
Step 11/12 : COPY challenge/entrypoint.sh /app/entrypoint.sh
 ---> Using cache
 ---> dc2eb6fda3a6
Step 12/12 : CMD socat -T 60 TCP-LISTEN:1337,fork,nodelay,reuseaddr,pktinfo EXEC:"/usr/bin/timeout -k 5 ${TIMEOUT} /app/entrypoint.sh"
 ---> Using cache
 ---> fbf667025495
[Warning] One or more build-args [CACHEBUST] were not consumed
Successfully built fbf667025495
Successfully tagged localhost/python3.12-nojail-ubuntu24.04:latest
make[1]: Leaving directory '/home/kevin/Documents/losfuzzys/LosTemplates/python3.12-nojail-ubuntu24.04'
make[1]: Entering directory '/home/kevin/Documents/losfuzzys/LosTemplates/python3.12-nojail-ubuntu24.04'
[1;34m[+] Running Challenge Container on 127.0.0.1:1337[0m
docker run --rm --name python3.12-nojail-ubuntu24.04 -p 127.0.0.1:1337:1337 -e HOST=127.0.0.1 -e PORT=1337 -e TIMEOUT=30 --user 1337:1337 --read-only --security-opt=no-new-privileges:true --platform linux/amd64 $([ -t 0 ] && echo "-it") localhost/python3.12-nojail-ubuntu24.04 
make[1]: Entering directory '/home/kevin/Documents/losfuzzys/LosTemplates/python3.12-nojail-ubuntu24.04'
[1;34m[+] Building Solvescript Container[0m
cd solution/ ; \
docker build -t localhost/python3.12-nojail-ubuntu24.04-solvescript --platform linux/amd64 .
DEPRECATED: The legacy builder is deprecated and will be removed in a future release.
            Install the buildx component to build images with BuildKit:
            https://docs.docker.com/go/buildx/

time="2025-03-05T10:26:51+01:00" level=warning msg="Failed to get credentials for registry: europe-west3-docker.pkg.dev" error="error getting credentials - err: exec: \"docker-credential-gcloud\": executable file not found in $PATH, out: ``"
Sending build context to Docker daemon  8.192kB
Step 1/10 : FROM docker.io/pwntools/pwntools@sha256:2df32ff2a7196a6f6d362b037713ec9825266667774df31540bbb9d04f7662ee
 ---> df141980d9fd
Step 2/10 : WORKDIR /app
 ---> Using cache
 ---> f00401327a08
Step 3/10 : COPY requirements.txt .
 ---> Using cache
 ---> 9660a4c7976c
Step 4/10 : RUN python3 -m pip install --no-cache-dir --upgrade -r /app/requirements.txt
 ---> Using cache
 ---> 402a35fb8837
Step 5/10 : COPY exploit .
 ---> Using cache
 ---> 6eae29cb9c4a
Step 6/10 : USER root
 ---> Using cache
 ---> 19e165f8515d
Step 7/10 : RUN chmod 755 /app/exploit
 ---> Using cache
 ---> 91442ce2ce27
Step 8/10 : USER pwntools
 ---> Using cache
 ---> dc783b5d6fd7
Step 9/10 : ENV PWNLIB_NOTERM=1
 ---> Using cache
 ---> 679b1a2ba167
Step 10/10 : CMD /usr/bin/timeout -k 5 ${TIMEOUT} ./exploit HOST=${HOST} PORT=${PORT}
 ---> Using cache
 ---> fbab1e547864
Successfully built fbab1e547864
Successfully tagged localhost/python3.12-nojail-ubuntu24.04-solvescript:latest
[1;34m[+] Running Solvescript Container against 127.0.0.1:1337[0m
cd solution/ ; \
docker run --rm -e HOST=127.0.0.1 -e PORT=1337 -e TIMEOUT=30 --hostname localhost --net=host -v /home/kevin/Documents/losfuzzys/LosTemplates/python3.12-nojail-ubuntu24.04/challenge/flag.txt:/app/flag.txt:z,ro -v /home/kevin/Documents/losfuzzys/LosTemplates/python3.12-nojail-ubuntu24.04/challenge/flag.txt:/flag.txt:z,ro -v /home/kevin/Documents/losfuzzys/LosTemplates/python3.12-nojail-ubuntu24.04/dist/flag.txt:/app/flag-fake.txt:z,ro -v /home/kevin/Documents/losfuzzys/LosTemplates/python3.12-nojail-ubuntu24.04/dist/flag.txt:/flag-fake.txt:z,ro --platform linux/amd64 $([ -t 0 ] && echo "-it") \
	--name python3.12-nojail-ubuntu24.04-solvescript localhost/python3.12-nojail-ubuntu24.04-solvescript
[x] Opening connection to 127.0.0.1 on port 1337
[x] Opening connection to 127.0.0.1 on port 1337: Trying 127.0.0.1
[+] Opening connection to 127.0.0.1 on port 1337: Done
[x] Receiving all data
[x] Receiving all data: 0B
[x] Receiving all data: 76B
[+] Receiving all data: Done (76B)
[*] Closed connection to 127.0.0.1 port 1337
[+] gctf{REAL_REAL_REAL_REAL_REAL_REAL}
make[1]: Leaving directory '/home/kevin/Documents/losfuzzys/LosTemplates/python3.12-nojail-ubuntu24.04'
exit status 137
make[1]: *** [Makefile:68: crun] Error 137
make[1]: Leaving directory '/home/kevin/Documents/losfuzzys/LosTemplates/python3.12-nojail-ubuntu24.04'
make[1]: Entering directory '/home/kevin/Documents/losfuzzys/LosTemplates/python3.12-nojail-ubuntu24.04'
[1;34m[+] Deploying Distributed python3.12-nojail-ubuntu24.04.tar.gz (d708a1b0a19bc77ccc5e033232d57275)[0m
cd /tmp/tmp.2FyraOkWL9 && \
cp /home/kevin/Documents/losfuzzys/LosTemplates/python3.12-nojail-ubuntu24.04/python3.12-nojail-ubuntu24.04.tar.gz . && \
tar xf python3.12-nojail-ubuntu24.04.tar.gz && \
cd python3.12-nojail-ubuntu24.04 && \
./deploy.sh build
[1;34m[+] Building Challenge Docker Container[0m
DEPRECATED: The legacy builder is deprecated and will be removed in a future release.
            Install the buildx component to build images with BuildKit:
            https://docs.docker.com/go/buildx/

time="2025-03-05T10:26:51+01:00" level=warning msg="Failed to get credentials for registry: europe-west3-docker.pkg.dev" error="error getting credentials - err: exec: \"docker-credential-gcloud\": executable file not found in $PATH, out: ``"
Sending build context to Docker daemon  12.29kB
Step 1/12 : FROM docker.io/library/ubuntu@sha256:3f85b7caad41a95462cf5b787d8a04604c8262cdcdf9a472b8c52ef83375fe15 AS builder
 ---> bf3dc08bfed0
Step 2/12 : RUN DEBIAN_FRONTEND=noninteractive apt-get update && apt-get install -y python3 python3-venv socat coreutils && apt-get clean
 ---> Using cache
 ---> 7eb5c39620fb
Step 3/12 : RUN python3 -m venv /.venv
 ---> Using cache
 ---> 2067e3392280
Step 4/12 : ENV PATH="/.venv/bin:$PATH"
 ---> Using cache
 ---> 9a0831256dc9
Step 5/12 : COPY requirements.txt /app/requirements.txt
 ---> Using cache
 ---> b15d555bde48
Step 6/12 : RUN pip install --no-cache-dir --upgrade -r /app/requirements.txt
 ---> Using cache
 ---> 804c51408318
Step 7/12 : RUN mkdir -p /app
 ---> Using cache
 ---> 7e6b6afb9242
Step 8/12 : COPY challenge /app/challenge
 ---> Using cache
 ---> d54beceab46b
Step 9/12 : RUN chmod +x /app/challenge
 ---> Using cache
 ---> bd5779062112
Step 10/12 : COPY flag.txt /flag.txt
 ---> Using cache
 ---> 76a12b2c57eb
Step 11/12 : COPY entrypoint.sh /app/entrypoint.sh
 ---> Using cache
 ---> b8abb8e9be2a
Step 12/12 : CMD socat -T 60 TCP-LISTEN:1337,fork,nodelay,reuseaddr,pktinfo EXEC:"/usr/bin/timeout -k 5 ${TIMEOUT} /app/entrypoint.sh"
 ---> Using cache
 ---> e21e7b9bfede
Successfully built e21e7b9bfede
Successfully tagged localhost/chall-python3.12-nojail-ubuntu24.04:latest
make[1]: Leaving directory '/home/kevin/Documents/losfuzzys/LosTemplates/python3.12-nojail-ubuntu24.04'
make[1]: Entering directory '/home/kevin/Documents/losfuzzys/LosTemplates/python3.12-nojail-ubuntu24.04'
[1;34m[+] Deploying Distributed python3.12-nojail-ubuntu24.04.tar.gz (d708a1b0a19bc77ccc5e033232d57275)[0m
cd /tmp/tmp.hjwOyy5jfB && \
cp /home/kevin/Documents/losfuzzys/LosTemplates/python3.12-nojail-ubuntu24.04/python3.12-nojail-ubuntu24.04.tar.gz . && \
tar xf python3.12-nojail-ubuntu24.04.tar.gz && \
cd python3.12-nojail-ubuntu24.04 && \
./deploy.sh 
[1;34m[+] Verifying Challenge Integrity[0m
./entrypoint.sh: OK
./requirements.txt: OK
./deploy.sh: OK
./deploy.bat: OK
./challenge: OK
./Dockerfile: OK
./flag.txt: OK
[1;34m[+] Building Challenge Docker Container[0m
DEPRECATED: The legacy builder is deprecated and will be removed in a future release.
            Install the buildx component to build images with BuildKit:
            https://docs.docker.com/go/buildx/

time="2025-03-05T10:26:51+01:00" level=warning msg="Failed to get credentials for registry: europe-west3-docker.pkg.dev" error="error getting credentials - err: exec: \"docker-credential-gcloud\": executable file not found in $PATH, out: ``"
Sending build context to Docker daemon  12.29kB
Step 1/12 : FROM docker.io/library/ubuntu@sha256:3f85b7caad41a95462cf5b787d8a04604c8262cdcdf9a472b8c52ef83375fe15 AS builder
 ---> bf3dc08bfed0
Step 2/12 : RUN DEBIAN_FRONTEND=noninteractive apt-get update && apt-get install -y python3 python3-venv socat coreutils && apt-get clean
 ---> Using cache
 ---> 7eb5c39620fb
Step 3/12 : RUN python3 -m venv /.venv
 ---> Using cache
 ---> 2067e3392280
Step 4/12 : ENV PATH="/.venv/bin:$PATH"
 ---> Using cache
 ---> 9a0831256dc9
Step 5/12 : COPY requirements.txt /app/requirements.txt
 ---> Using cache
 ---> b15d555bde48
Step 6/12 : RUN pip install --no-cache-dir --upgrade -r /app/requirements.txt
 ---> Using cache
 ---> 804c51408318
Step 7/12 : RUN mkdir -p /app
 ---> Using cache
 ---> 7e6b6afb9242
Step 8/12 : COPY challenge /app/challenge
 ---> Using cache
 ---> d54beceab46b
Step 9/12 : RUN chmod +x /app/challenge
 ---> Using cache
 ---> bd5779062112
Step 10/12 : COPY flag.txt /flag.txt
 ---> Using cache
 ---> 76a12b2c57eb
Step 11/12 : COPY entrypoint.sh /app/entrypoint.sh
 ---> Using cache
 ---> b8abb8e9be2a
Step 12/12 : CMD socat -T 60 TCP-LISTEN:1337,fork,nodelay,reuseaddr,pktinfo EXEC:"/usr/bin/timeout -k 5 ${TIMEOUT} /app/entrypoint.sh"
 ---> Using cache
 ---> e21e7b9bfede
Successfully built e21e7b9bfede
Successfully tagged localhost/chall-python3.12-nojail-ubuntu24.04:latest
[1;34m[+] Running Challenge Docker Container on 127.0.0.1:1337[0m
make[1]: Entering directory '/home/kevin/Documents/losfuzzys/LosTemplates/python3.12-nojail-ubuntu24.04'
[1;34m[+] Building Solvescript Container[0m
cd solution/ ; \
docker build -t localhost/python3.12-nojail-ubuntu24.04-solvescript --platform linux/amd64 .
DEPRECATED: The legacy builder is deprecated and will be removed in a future release.
            Install the buildx component to build images with BuildKit:
            https://docs.docker.com/go/buildx/

time="2025-03-05T10:26:53+01:00" level=warning msg="Failed to get credentials for registry: europe-west3-docker.pkg.dev" error="error getting credentials - err: exec: \"docker-credential-gcloud\": executable file not found in $PATH, out: ``"
Sending build context to Docker daemon  8.192kB
Step 1/10 : FROM docker.io/pwntools/pwntools@sha256:2df32ff2a7196a6f6d362b037713ec9825266667774df31540bbb9d04f7662ee
 ---> df141980d9fd
Step 2/10 : WORKDIR /app
 ---> Using cache
 ---> f00401327a08
Step 3/10 : COPY requirements.txt .
 ---> Using cache
 ---> 9660a4c7976c
Step 4/10 : RUN python3 -m pip install --no-cache-dir --upgrade -r /app/requirements.txt
 ---> Using cache
 ---> 402a35fb8837
Step 5/10 : COPY exploit .
 ---> Using cache
 ---> 6eae29cb9c4a
Step 6/10 : USER root
 ---> Using cache
 ---> 19e165f8515d
Step 7/10 : RUN chmod 755 /app/exploit
 ---> Using cache
 ---> 91442ce2ce27
Step 8/10 : USER pwntools
 ---> Using cache
 ---> dc783b5d6fd7
Step 9/10 : ENV PWNLIB_NOTERM=1
 ---> Using cache
 ---> 679b1a2ba167
Step 10/10 : CMD /usr/bin/timeout -k 5 ${TIMEOUT} ./exploit HOST=${HOST} PORT=${PORT}
 ---> Using cache
 ---> fbab1e547864
Successfully built fbab1e547864
Successfully tagged localhost/python3.12-nojail-ubuntu24.04-solvescript:latest
[1;34m[+] Running Solvescript Container against 127.0.0.1:1337[0m
cd solution/ ; \
docker run --rm -e HOST=127.0.0.1 -e PORT=1337 -e TIMEOUT=30 --hostname localhost --net=host -v /home/kevin/Documents/losfuzzys/LosTemplates/python3.12-nojail-ubuntu24.04/challenge/flag.txt:/app/flag.txt:z,ro -v /home/kevin/Documents/losfuzzys/LosTemplates/python3.12-nojail-ubuntu24.04/challenge/flag.txt:/flag.txt:z,ro -v /home/kevin/Documents/losfuzzys/LosTemplates/python3.12-nojail-ubuntu24.04/dist/flag.txt:/app/flag-fake.txt:z,ro -v /home/kevin/Documents/losfuzzys/LosTemplates/python3.12-nojail-ubuntu24.04/dist/flag.txt:/flag-fake.txt:z,ro --platform linux/amd64 $([ -t 0 ] && echo "-it") \
	--name python3.12-nojail-ubuntu24.04-solvescript localhost/python3.12-nojail-ubuntu24.04-solvescript
[x] Opening connection to 127.0.0.1 on port 1337
[x] Opening connection to 127.0.0.1 on port 1337: Trying 127.0.0.1
[+] Opening connection to 127.0.0.1 on port 1337: Done
[x] Receiving all data
[x] Receiving all data: 0B
[x] Receiving all data: 76B
[+] Receiving all data: Done (76B)
[*] Closed connection to 127.0.0.1 port 1337
[+] gctf{FAKE_FAKE_FAKE_FAKE_FAKE_FAKE}
make[1]: Leaving directory '/home/kevin/Documents/losfuzzys/LosTemplates/python3.12-nojail-ubuntu24.04'
exit status 137
make[1]: *** [Makefile:114: distrun] Error 137
make[1]: Leaving directory '/home/kevin/Documents/losfuzzys/LosTemplates/python3.12-nojail-ubuntu24.04'
make[1]: Entering directory '/home/kevin/Documents/losfuzzys/LosTemplates/python3.12-nojail-ubuntu24.04'
[1;34m[+] Building Challenge Container[0m
#docker build -t localhost/python3.12-nojail-ubuntu24.04-build --target builder --platform linux/amd64 --build-arg CACHEBUST=1741166816 .
#docker run  -v /home/kevin/Documents/losfuzzys/LosTemplates/python3.12-nojail-ubuntu24.04/dist:/dist:z localhost/python3.12-nojail-ubuntu24.04-build
#cp /home/kevin/Documents/losfuzzys/LosTemplates/python3.12-nojail-ubuntu24.04/challenge/challenge /home/kevin/Documents/losfuzzys/LosTemplates/python3.12-nojail-ubuntu24.04/solution/
docker build -t localhost/python3.12-nojail-ubuntu24.04 --platform linux/amd64 --build-arg CACHEBUST=1741166816 .
DEPRECATED: The legacy builder is deprecated and will be removed in a future release.
            Install the buildx component to build images with BuildKit:
            https://docs.docker.com/go/buildx/

time="2025-03-05T10:26:57+01:00" level=warning msg="Failed to get credentials for registry: europe-west3-docker.pkg.dev" error="error getting credentials - err: exec: \"docker-credential-gcloud\": executable file not found in $PATH, out: ``"
Sending build context to Docker daemon  86.53kB
Step 1/12 : FROM docker.io/library/ubuntu@sha256:3f85b7caad41a95462cf5b787d8a04604c8262cdcdf9a472b8c52ef83375fe15 AS builder
 ---> bf3dc08bfed0
Step 2/12 : RUN DEBIAN_FRONTEND=noninteractive apt-get update && apt-get install -y python3 python3-venv socat coreutils && apt-get clean
 ---> Using cache
 ---> 7eb5c39620fb
Step 3/12 : RUN python3 -m venv /.venv
 ---> Using cache
 ---> 2067e3392280
Step 4/12 : ENV PATH="/.venv/bin:$PATH"
 ---> Using cache
 ---> 9a0831256dc9
Step 5/12 : COPY challenge/requirements.txt /app/requirements.txt
 ---> Using cache
 ---> 765a086745c1
Step 6/12 : RUN pip install --no-cache-dir --upgrade -r /app/requirements.txt
 ---> Using cache
 ---> d1cb06406a13
Step 7/12 : RUN mkdir -p /app
 ---> Using cache
 ---> d334f8608e9d
Step 8/12 : COPY challenge/challenge /app/challenge
 ---> Using cache
 ---> 940560e1a78d
Step 9/12 : RUN chmod +x /app/challenge
 ---> Using cache
 ---> e58ab0d3283b
Step 10/12 : COPY challenge/flag.txt /flag.txt
 ---> Using cache
 ---> 7be5af7193de
Step 11/12 : COPY challenge/entrypoint.sh /app/entrypoint.sh
 ---> Using cache
 ---> dc2eb6fda3a6
Step 12/12 : CMD socat -T 60 TCP-LISTEN:1337,fork,nodelay,reuseaddr,pktinfo EXEC:"/usr/bin/timeout -k 5 ${TIMEOUT} /app/entrypoint.sh"
 ---> Using cache
 ---> fbf667025495
[Warning] One or more build-args [CACHEBUST] were not consumed
Successfully built fbf667025495
Successfully tagged localhost/python3.12-nojail-ubuntu24.04:latest
make[1]: Leaving directory '/home/kevin/Documents/losfuzzys/LosTemplates/python3.12-nojail-ubuntu24.04'
make[1]: Entering directory '/home/kevin/Documents/losfuzzys/LosTemplates/python3.12-nojail-ubuntu24.04'
[1;34m[+] Running Challenge Container on 127.0.0.1:1337[0m
docker run --rm --name python3.12-nojail-ubuntu24.04 -p 127.0.0.1:1337:1337 -e HOST=127.0.0.1 -e PORT=1337 -e TIMEOUT=30 --user 1337:1337 --read-only --security-opt=no-new-privileges:true --platform linux/amd64 $([ -t 0 ] && echo "-it") localhost/python3.12-nojail-ubuntu24.04 
make[1]: Entering directory '/home/kevin/Documents/losfuzzys/LosTemplates/python3.12-nojail-ubuntu24.04'
[1;34m[+] Building Solvescript Container[0m
cd solution/ ; \
docker build -t localhost/python3.12-nojail-ubuntu24.04-solvescript --platform linux/amd64 .
DEPRECATED: The legacy builder is deprecated and will be removed in a future release.
            Install the buildx component to build images with BuildKit:
            https://docs.docker.com/go/buildx/

time="2025-03-05T10:26:58+01:00" level=warning msg="Failed to get credentials for registry: europe-west3-docker.pkg.dev" error="error getting credentials - err: exec: \"docker-credential-gcloud\": executable file not found in $PATH, out: ``"
Sending build context to Docker daemon  8.192kB
Step 1/10 : FROM docker.io/pwntools/pwntools@sha256:2df32ff2a7196a6f6d362b037713ec9825266667774df31540bbb9d04f7662ee
 ---> df141980d9fd
Step 2/10 : WORKDIR /app
 ---> Using cache
 ---> f00401327a08
Step 3/10 : COPY requirements.txt .
 ---> Using cache
 ---> 9660a4c7976c
Step 4/10 : RUN python3 -m pip install --no-cache-dir --upgrade -r /app/requirements.txt
 ---> Using cache
 ---> 402a35fb8837
Step 5/10 : COPY exploit .
 ---> Using cache
 ---> 6eae29cb9c4a
Step 6/10 : USER root
 ---> Using cache
 ---> 19e165f8515d
Step 7/10 : RUN chmod 755 /app/exploit
 ---> Using cache
 ---> 91442ce2ce27
Step 8/10 : USER pwntools
 ---> Using cache
 ---> dc783b5d6fd7
Step 9/10 : ENV PWNLIB_NOTERM=1
 ---> Using cache
 ---> 679b1a2ba167
Step 10/10 : CMD /usr/bin/timeout -k 5 ${TIMEOUT} ./exploit HOST=${HOST} PORT=${PORT}
 ---> Using cache
 ---> fbab1e547864
Successfully built fbab1e547864
Successfully tagged localhost/python3.12-nojail-ubuntu24.04-solvescript:latest
[1;34m[+] Running Solvescript Container against 127.0.0.1:1337[0m
cd solution/ ; \
docker run --rm -e HOST=127.0.0.1 -e PORT=1337 -e TIMEOUT=30 --hostname localhost --net=host -v /home/kevin/Documents/losfuzzys/LosTemplates/python3.12-nojail-ubuntu24.04/challenge/flag.txt:/app/flag.txt:z,ro -v /home/kevin/Documents/losfuzzys/LosTemplates/python3.12-nojail-ubuntu24.04/challenge/flag.txt:/flag.txt:z,ro -v /home/kevin/Documents/losfuzzys/LosTemplates/python3.12-nojail-ubuntu24.04/dist/flag.txt:/app/flag-fake.txt:z,ro -v /home/kevin/Documents/losfuzzys/LosTemplates/python3.12-nojail-ubuntu24.04/dist/flag.txt:/flag-fake.txt:z,ro --platform linux/amd64 $([ -t 0 ] && echo "-it") \
	--name python3.12-nojail-ubuntu24.04-solvescript localhost/python3.12-nojail-ubuntu24.04-solvescript
[x] Opening connection to 127.0.0.1 on port 1337
[x] Opening connection to 127.0.0.1 on port 1337: Trying 127.0.0.1
[+] Opening connection to 127.0.0.1 on port 1337: Done
[x] Receiving all data
[x] Receiving all data: 0B
[x] Receiving all data: 76B
[+] Receiving all data: Done (76B)
[*] Closed connection to 127.0.0.1 port 1337
[+] gctf{REAL_REAL_REAL_REAL_REAL_REAL}
make[1]: Leaving directory '/home/kevin/Documents/losfuzzys/LosTemplates/python3.12-nojail-ubuntu24.04'
exit status 137
make[1]: *** [Makefile:68: crun] Error 137
make[1]: Leaving directory '/home/kevin/Documents/losfuzzys/LosTemplates/python3.12-nojail-ubuntu24.04'
make[1]: Entering directory '/home/kevin/Documents/losfuzzys/LosTemplates/python3.12-nojail-ubuntu24.04'
[1;34m[+] Deploying Distributed python3.12-nojail-ubuntu24.04.tar.gz (d708a1b0a19bc77ccc5e033232d57275)[0m
cd /tmp/tmp.p49bezzDY1 && \
cp /home/kevin/Documents/losfuzzys/LosTemplates/python3.12-nojail-ubuntu24.04/python3.12-nojail-ubuntu24.04.tar.gz . && \
tar xf python3.12-nojail-ubuntu24.04.tar.gz && \
cd python3.12-nojail-ubuntu24.04 && \
./deploy.sh build
cp: cannot stat '/home/kevin/Documents/losfuzzys/LosTemplates/python3.12-nojail-ubuntu24.04/python3.12-nojail-ubuntu24.04.tar.gz': No such file or directory
make[1]: *** [Makefile:114: distrun] Error 1
make[1]: Leaving directory '/home/kevin/Documents/losfuzzys/LosTemplates/python3.12-nojail-ubuntu24.04'
